<?xml version="1.0" encoding="UTF-8"?>
<testng-results ignored="0" total="4" passed="2" failed="1" skipped="1">
  <reporter-output>
  </reporter-output>
  <suite started-at="2025-01-15T12:47:17 IST" name="Default suite" finished-at="2025-01-15T12:47:50 IST" duration-ms="33541">
    <groups>
      <group name="regression">
        <method signature="searchTests.verifySearchListWithValidProduct()[pri:0, instance:com.eatsure.tests.searchTests@5aa9e4eb]" name="verifySearchListWithValidProduct" class="com.eatsure.tests.searchTests"/>
        <method signature="searchTests.verifySearchIfValidProductMatchesAndClickOnit()[pri:0, instance:com.eatsure.tests.searchTests@5aa9e4eb]" name="verifySearchIfValidProductMatchesAndClickOnit" class="com.eatsure.tests.searchTests"/>
        <method signature="landingPageTests.verifyLocationSearchResulWithValidLocationSearch()[pri:1, instance:com.eatsure.tests.landingPageTests@765d7657]" name="verifyLocationSearchResulWithValidLocationSearch" class="com.eatsure.tests.landingPageTests"/>
        <method signature="landingPageTests.verifyValidLocationTakesUserToTheHome()[pri:2, instance:com.eatsure.tests.landingPageTests@765d7657]" name="verifyValidLocationTakesUserToTheHome" class="com.eatsure.tests.landingPageTests"/>
      </group> <!-- regression -->
    </groups>
    <test started-at="2025-01-15T12:47:17 IST" name="Default test" finished-at="2025-01-15T12:47:50 IST" duration-ms="33541">
      <class name="com.eatsure.tests.searchTests">
        <test-method is-config="true" signature="inittilizeBrowserAndOpenWebURL(org.testng.ITestResult)[pri:0, instance:com.eatsure.tests.searchTests@5aa9e4eb]" started-at="2025-01-15T12:47:31 IST" name="inittilizeBrowserAndOpenWebURL" finished-at="2025-01-15T12:47:34 IST" duration-ms="3130" status="PASS">
          <params>
            <param index="0">
              <value>
                <![CDATA[[TestResult name={null} status=CREATED method=searchTests.verifySearchListWithValidProduct()[pri:0, instance:com.eatsure.tests.searchTests@5aa9e4eb] output={null}]]]>
              </value>
            </param>
          </params>
          <reporter-output>
          </reporter-output>
        </test-method> <!-- inittilizeBrowserAndOpenWebURL -->
        <test-method signature="verifySearchListWithValidProduct()[pri:0, instance:com.eatsure.tests.searchTests@5aa9e4eb]" started-at="2025-01-15T12:47:34 IST" name="verifySearchListWithValidProduct" depends-on-groups="regression" finished-at="2025-01-15T12:47:50 IST" duration-ms="15724" status="FAIL">
          <exception class="org.openqa.selenium.TimeoutException">
            <message>
              <![CDATA[Expected condition failed: waiting for element to be clickable: Proxy element for: DefaultElementLocator 'By.xpath: //p[@data-qa='searchOption']' (tried for 10 second(s) with 500 milliseconds interval)]]>
            </message>
            <full-stacktrace>
              <![CDATA[org.openqa.selenium.TimeoutException: Expected condition failed: waiting for element to be clickable: Proxy element for: DefaultElementLocator 'By.xpath: //p[@data-qa='searchOption']' (tried for 10 second(s) with 500 milliseconds interval)
at org.openqa.selenium.support.ui.WebDriverWait.timeoutException(WebDriverWait.java:84)
at org.openqa.selenium.support.ui.FluentWait.until(FluentWait.java:228)
at com.eatsure.utilities.commonMethods.waitForElementToBeClickable(commonMethods.java:37)
at com.eatsure.utilities.commonMethods.clickElement(commonMethods.java:42)
at com.eatsure.pages.searchPage.clickOnSearch(searchPage.java:40)
at com.eatsure.tests.searchTests.verifySearchListWithValidProduct(searchTests.java:24)
at java.base/jdk.internal.reflect.NativeMethodAccessorImpl.invoke0(Native Method)
at java.base/jdk.internal.reflect.NativeMethodAccessorImpl.invoke(NativeMethodAccessorImpl.java:77)
at java.base/jdk.internal.reflect.DelegatingMethodAccessorImpl.invoke(DelegatingMethodAccessorImpl.java:43)
at java.base/java.lang.reflect.Method.invoke(Method.java:568)
at org.testng.internal.invokers.MethodInvocationHelper.invokeMethod(MethodInvocationHelper.java:141)
at org.testng.internal.invokers.TestInvoker.invokeMethod(TestInvoker.java:686)
at org.testng.internal.invokers.TestInvoker.invokeTestMethod(TestInvoker.java:230)
at org.testng.internal.invokers.MethodRunner.runInSequence(MethodRunner.java:63)
at org.testng.internal.invokers.TestInvoker$MethodInvocationAgent.invoke(TestInvoker.java:992)
at org.testng.internal.invokers.TestInvoker.invokeTestMethods(TestInvoker.java:203)
at org.testng.internal.invokers.TestMethodWorker.invokeTestMethods(TestMethodWorker.java:154)
at org.testng.internal.invokers.TestMethodWorker.run(TestMethodWorker.java:134)
at java.base/java.util.ArrayList.forEach(ArrayList.java:1511)
at org.testng.TestRunner.privateRun(TestRunner.java:739)
at org.testng.TestRunner.run(TestRunner.java:614)
at org.testng.SuiteRunner.runTest(SuiteRunner.java:421)
at org.testng.SuiteRunner.runSequentially(SuiteRunner.java:413)
at org.testng.SuiteRunner.privateRun(SuiteRunner.java:373)
at org.testng.SuiteRunner.run(SuiteRunner.java:312)
at org.testng.SuiteRunnerWorker.runSuite(SuiteRunnerWorker.java:52)
at org.testng.SuiteRunnerWorker.run(SuiteRunnerWorker.java:95)
at org.testng.TestNG.runSuitesSequentially(TestNG.java:1274)
at org.testng.TestNG.runSuitesLocally(TestNG.java:1208)
at org.testng.TestNG.runSuites(TestNG.java:1112)
at org.testng.TestNG.run(TestNG.java:1079)
at org.testng.remote.AbstractRemoteTestNG.run(AbstractRemoteTestNG.java:115)
at org.testng.remote.RemoteTestNG.initAndRun(RemoteTestNG.java:293)
at org.testng.remote.RemoteTestNG.main(RemoteTestNG.java:91)
Caused by: org.openqa.selenium.NoSuchElementException: no such element: Unable to locate element: {"method":"xpath","selector":"//p[@data-qa='searchOption']"}
  (Session info: chrome=131.0.6778.205)
For documentation on this error, please visit: https://www.selenium.dev/documentation/webdriver/troubleshooting/errors#no-such-element-exception
Build info: version: '4.27.0', revision: 'd6e718d134'
System info: os.name: 'Windows 11', os.arch: 'amd64', os.version: '10.0', java.version: '17.0.2'
Driver info: org.openqa.selenium.chrome.ChromeDriver
Command: [472cc53f217342df0beef65b460f2fb3, findElement {using=xpath, value=//p[@data-qa='searchOption']}]
Capabilities {acceptInsecureCerts: false, browserName: chrome, browserVersion: 131.0.6778.205, chrome: {chromedriverVersion: 131.0.6778.264 (2d05e315153..., userDataDir: C:\Users\Lalit\AppData\Loca...}, fedcm:accounts: true, goog:chromeOptions: {debuggerAddress: localhost:50970}, networkConnectionEnabled: false, pageLoadStrategy: normal, platformName: windows, proxy: Proxy(), se:cdp: ws://localhost:50970/devtoo..., se:cdpVersion: 131.0.6778.205, setWindowRect: true, strictFileInteractability: false, timeouts: {implicit: 0, pageLoad: 300000, script: 30000}, unhandledPromptBehavior: dismiss and notify, webauthn:extension:credBlob: true, webauthn:extension:largeBlob: true, webauthn:extension:minPinLength: true, webauthn:extension:prf: true, webauthn:virtualAuthenticators: true}
Session ID: 472cc53f217342df0beef65b460f2fb3
at java.base/jdk.internal.reflect.NativeConstructorAccessorImpl.newInstance0(Native Method)
at java.base/jdk.internal.reflect.NativeConstructorAccessorImpl.newInstance(NativeConstructorAccessorImpl.java:77)
at java.base/jdk.internal.reflect.DelegatingConstructorAccessorImpl.newInstance(DelegatingConstructorAccessorImpl.java:45)
at java.base/java.lang.reflect.Constructor.newInstanceWithCaller(Constructor.java:499)
at java.base/java.lang.reflect.Constructor.newInstance(Constructor.java:480)
at org.openqa.selenium.remote.ErrorCodec.decode(ErrorCodec.java:167)
at org.openqa.selenium.remote.codec.w3c.W3CHttpResponseCodec.decode(W3CHttpResponseCodec.java:138)
at org.openqa.selenium.remote.codec.w3c.W3CHttpResponseCodec.decode(W3CHttpResponseCodec.java:50)
at org.openqa.selenium.remote.HttpCommandExecutor.execute(HttpCommandExecutor.java:190)
at org.openqa.selenium.remote.service.DriverCommandExecutor.invokeExecute(DriverCommandExecutor.java:216)
at org.openqa.selenium.remote.service.DriverCommandExecutor.execute(DriverCommandExecutor.java:174)
at org.openqa.selenium.remote.RemoteWebDriver.execute(RemoteWebDriver.java:545)
at org.openqa.selenium.remote.ElementLocation$ElementFinder$2.findElement(ElementLocation.java:165)
at org.openqa.selenium.remote.ElementLocation.findElement(ElementLocation.java:59)
at org.openqa.selenium.remote.RemoteWebDriver.findElement(RemoteWebDriver.java:368)
at org.openqa.selenium.remote.RemoteWebDriver.findElement(RemoteWebDriver.java:362)
at org.openqa.selenium.support.pagefactory.DefaultElementLocator.findElement(DefaultElementLocator.java:68)
at org.openqa.selenium.support.pagefactory.internal.LocatingElementHandler.invoke(LocatingElementHandler.java:38)
at jdk.proxy2/jdk.proxy2.$Proxy14.isDisplayed(Unknown Source)
at org.openqa.selenium.support.ui.ExpectedConditions.elementIfVisible(ExpectedConditions.java:304)
at org.openqa.selenium.support.ui.ExpectedConditions$10.apply(ExpectedConditions.java:290)
at org.openqa.selenium.support.ui.ExpectedConditions$10.apply(ExpectedConditions.java:287)
at org.openqa.selenium.support.ui.ExpectedConditions$23.apply(ExpectedConditions.java:656)
at org.openqa.selenium.support.ui.ExpectedConditions$23.apply(ExpectedConditions.java:652)
at org.openqa.selenium.support.ui.FluentWait.until(FluentWait.java:203)
... 32 more
]]>
            </full-stacktrace>
          </exception> <!-- org.openqa.selenium.TimeoutException -->
          <reporter-output>
          </reporter-output>
        </test-method> <!-- verifySearchListWithValidProduct -->
        <test-method is-config="true" signature="teardown(org.testng.ITestResult)[pri:0, instance:com.eatsure.tests.searchTests@5aa9e4eb]" started-at="2025-01-15T12:47:50 IST" name="teardown" finished-at="2025-01-15T12:47:50 IST" duration-ms="599" status="PASS">
          <params>
            <param index="0">
              <value>
                <![CDATA[[TestResult name=verifySearchListWithValidProduct status=FAILURE method=searchTests.verifySearchListWithValidProduct()[pri:0, instance:com.eatsure.tests.searchTests@5aa9e4eb] output={null}]]]>
              </value>
            </param>
          </params>
          <reporter-output>
          </reporter-output>
        </test-method> <!-- teardown -->
        <test-method signature="verifySearchIfValidProductMatchesAndClickOnit()[pri:0, instance:com.eatsure.tests.searchTests@5aa9e4eb]" started-at="2025-01-15T12:47:50 IST" name="verifySearchIfValidProductMatchesAndClickOnit" finished-at="2025-01-15T12:47:50 IST" depends-on-methods="com.eatsure.tests.searchTests.verifySearchListWithValidProduct" duration-ms="0" status="SKIP">
          <exception class="java.lang.Throwable">
            <message>
              <![CDATA[Method com.eatsure.tests.searchTests.verifySearchIfValidProductMatchesAndClickOnit() on instance com.eatsure.tests.searchTests@5aa9e4eb depends on not successfully finished methods 
[com.eatsure.tests.searchTests.verifySearchListWithValidProduct() on instance com.eatsure.tests.searchTests@5aa9e4eb]]]>
            </message>
            <full-stacktrace>
              <![CDATA[java.lang.Throwable: Method com.eatsure.tests.searchTests.verifySearchIfValidProductMatchesAndClickOnit() on instance com.eatsure.tests.searchTests@5aa9e4eb depends on not successfully finished methods 
[com.eatsure.tests.searchTests.verifySearchListWithValidProduct() on instance com.eatsure.tests.searchTests@5aa9e4eb]
at org.testng.internal.invokers.TestInvoker.invokeTestMethods(TestInvoker.java:159)
at org.testng.internal.invokers.TestMethodWorker.invokeTestMethods(TestMethodWorker.java:154)
at org.testng.internal.invokers.TestMethodWorker.run(TestMethodWorker.java:134)
at java.base/java.util.ArrayList.forEach(ArrayList.java:1511)
at org.testng.TestRunner.privateRun(TestRunner.java:739)
at org.testng.TestRunner.run(TestRunner.java:614)
at org.testng.SuiteRunner.runTest(SuiteRunner.java:421)
at org.testng.SuiteRunner.runSequentially(SuiteRunner.java:413)
at org.testng.SuiteRunner.privateRun(SuiteRunner.java:373)
at org.testng.SuiteRunner.run(SuiteRunner.java:312)
at org.testng.SuiteRunnerWorker.runSuite(SuiteRunnerWorker.java:52)
at org.testng.SuiteRunnerWorker.run(SuiteRunnerWorker.java:95)
at org.testng.TestNG.runSuitesSequentially(TestNG.java:1274)
at org.testng.TestNG.runSuitesLocally(TestNG.java:1208)
at org.testng.TestNG.runSuites(TestNG.java:1112)
at org.testng.TestNG.run(TestNG.java:1079)
at org.testng.remote.AbstractRemoteTestNG.run(AbstractRemoteTestNG.java:115)
at org.testng.remote.RemoteTestNG.initAndRun(RemoteTestNG.java:293)
at org.testng.remote.RemoteTestNG.main(RemoteTestNG.java:91)
]]>
            </full-stacktrace>
          </exception> <!-- java.lang.Throwable -->
          <reporter-output>
          </reporter-output>
        </test-method> <!-- verifySearchIfValidProductMatchesAndClickOnit -->
      </class> <!-- com.eatsure.tests.searchTests -->
      <class name="com.eatsure.tests.landingPageTests">
        <test-method is-config="true" signature="inittilizeBrowserAndOpenWebURL(org.testng.ITestResult)[pri:0, instance:com.eatsure.tests.landingPageTests@765d7657]" started-at="2025-01-15T12:47:17 IST" name="inittilizeBrowserAndOpenWebURL" finished-at="2025-01-15T12:47:21 IST" duration-ms="3761" status="PASS">
          <params>
            <param index="0">
              <value>
                <![CDATA[[TestResult name={null} status=CREATED method=landingPageTests.verifyLocationSearchResulWithValidLocationSearch()[pri:1, instance:com.eatsure.tests.landingPageTests@765d7657] output={null}]]]>
              </value>
            </param>
          </params>
          <reporter-output>
          </reporter-output>
        </test-method> <!-- inittilizeBrowserAndOpenWebURL -->
        <test-method signature="verifyLocationSearchResulWithValidLocationSearch()[pri:1, instance:com.eatsure.tests.landingPageTests@765d7657]" started-at="2025-01-15T12:47:21 IST" name="verifyLocationSearchResulWithValidLocationSearch" finished-at="2025-01-15T12:47:22 IST" duration-ms="1758" status="PASS">
          <reporter-output>
          </reporter-output>
        </test-method> <!-- verifyLocationSearchResulWithValidLocationSearch -->
        <test-method is-config="true" signature="teardown(org.testng.ITestResult)[pri:0, instance:com.eatsure.tests.landingPageTests@765d7657]" started-at="2025-01-15T12:47:22 IST" name="teardown" finished-at="2025-01-15T12:47:23 IST" duration-ms="399" status="PASS">
          <params>
            <param index="0">
              <value>
                <![CDATA[[TestResult name=verifyLocationSearchResulWithValidLocationSearch status=SUCCESS method=landingPageTests.verifyLocationSearchResulWithValidLocationSearch()[pri:1, instance:com.eatsure.tests.landingPageTests@765d7657] output={null}]]]>
              </value>
            </param>
          </params>
          <reporter-output>
          </reporter-output>
        </test-method> <!-- teardown -->
        <test-method is-config="true" signature="inittilizeBrowserAndOpenWebURL(org.testng.ITestResult)[pri:0, instance:com.eatsure.tests.landingPageTests@765d7657]" started-at="2025-01-15T12:47:23 IST" name="inittilizeBrowserAndOpenWebURL" finished-at="2025-01-15T12:47:26 IST" duration-ms="2994" status="PASS">
          <params>
            <param index="0">
              <value>
                <![CDATA[[TestResult name={null} status=CREATED method=landingPageTests.verifyValidLocationTakesUserToTheHome()[pri:2, instance:com.eatsure.tests.landingPageTests@765d7657] output={null}]]]>
              </value>
            </param>
          </params>
          <reporter-output>
          </reporter-output>
        </test-method> <!-- inittilizeBrowserAndOpenWebURL -->
        <test-method signature="verifyValidLocationTakesUserToTheHome()[pri:2, instance:com.eatsure.tests.landingPageTests@765d7657]" started-at="2025-01-15T12:47:26 IST" name="verifyValidLocationTakesUserToTheHome" finished-at="2025-01-15T12:47:31 IST" duration-ms="4808" status="PASS">
          <reporter-output>
          </reporter-output>
        </test-method> <!-- verifyValidLocationTakesUserToTheHome -->
        <test-method is-config="true" signature="teardown(org.testng.ITestResult)[pri:0, instance:com.eatsure.tests.landingPageTests@765d7657]" started-at="2025-01-15T12:47:31 IST" name="teardown" finished-at="2025-01-15T12:47:31 IST" duration-ms="309" status="PASS">
          <params>
            <param index="0">
              <value>
                <![CDATA[[TestResult name=verifyValidLocationTakesUserToTheHome status=SUCCESS method=landingPageTests.verifyValidLocationTakesUserToTheHome()[pri:2, instance:com.eatsure.tests.landingPageTests@765d7657] output={null}]]]>
              </value>
            </param>
          </params>
          <reporter-output>
          </reporter-output>
        </test-method> <!-- teardown -->
      </class> <!-- com.eatsure.tests.landingPageTests -->
    </test> <!-- Default test -->
  </suite> <!-- Default suite -->
</testng-results>
